[Browsersync] Access URLs:
 ------------------------------------
       Local: http://localhost:3000
    External: http://192.168.0.5:3000
 ------------------------------------
          UI: http://localhost:3001
 UI External: http://localhost:3001
 ------------------------------------
[Browsersync] Serving files from: ./
[Browsersync] Watching files...
[Browsersync] Reloading Browsers...
[Browsersync] Access URLs:
 ------------------------------------
       Local: http://localhost:3000
    External: http://192.168.0.5:3000
 ------------------------------------
          UI: http://localhost:3001
 UI External: http://localhost:3001
 ------------------------------------
[Browsersync] Serving files from: ./
[Browsersync] Watching files...
[Browsersync] Reloading Browsers...
[Browsersync] Reloading Browsers... (buffered 2 events)
[Browsersync] Reloading Browsers... (buffered 2 events)
[Browsersync] Reloading Browsers... (buffered 2 events)
[Browsersync] Reloading Browsers... (buffered 2 events)
[Browsersync] Reloading Browsers...
[Browsersync] Reloading Browsers... (buffered 2 events)
[Browsersync] Reloading Browsers... (buffered 2 events)
[Browsersync] Reloading Browsers... (buffered 2 events)
[Browsersync] Reloading Browsers... (buffered 2 events)
[Browsersync] Reloading Browsers... (buffered 2 events)
[Browsersync] Reloading Browsers...
[Browsersync] Reloading Browsers...
[Browsersync] Reloading Browsers...
[Browsersync] Reloading Browsers... (buffered 2 events)
[Browsersync] Reloading Browsers... (buffered 2 events)
[Browsersync] Reloading Browsers... (buffered 2 events)
[Browsersync] Reloading Browsers... (buffered 2 events)
[Browsersync] Reloading Browsers... (buffered 2 events)
[Browsersync] Reloading Browsers... (buffered 2 events)
[Browsersync] Reloading Browsers...
[Browsersync] Access URLs:
 ------------------------------------
       Local: http://localhost:3000
    External: http://192.168.0.5:3000
 ------------------------------------
          UI: http://localhost:3001
 UI External: http://localhost:3001
 ------------------------------------
[Browsersync] Serving files from: ./
[Browsersync] Watching files...
[Browsersync] Reloading Browsers...
[Browsersync] Reloading Browsers... (buffered 2 events)
[Browsersync] Access URLs:
 ------------------------------------
       Local: http://localhost:3000
    External: http://192.168.0.5:3000
 ------------------------------------
          UI: http://localhost:3001
 UI External: http://localhost:3001
 ------------------------------------
[Browsersync] Serving files from: ./
[Browsersync] Watching files...
[Browsersync] Reloading Browsers...
[Browsersync] Reloading Browsers...
[Browsersync] Reloading Browsers...
[Browsersync] Reloading Browsers...
[Browsersync] Reloading Browsers...
[Browsersync] Reloading Browsers...
[Browsersync] Reloading Browsers... (buffered 2 events)
[Browsersync] Reloading Browsers...
[Browsersync] Reloading Browsers...
ng files...
[Browsersync] Reloading Browsers...
[Browsersync] Reloading Browsers...
[Browsersync] Reloading Browsers...
[Browsersync] Reloading Browsers...
[Browsersync] Reloading Browsers...
[Browsersync] Reloading Browsers...
[Browsersync] Reloading Browsers... (buffered 2 events)
[Browsersync] Reloading Browsers...
[Browsersync] Reloading Browsers...
[Browsersync] Access URLs:
 ------------------------------------
       Local: http://localhost:3000
    External: http://192.168.0.5:3000
 ------------------------------------
          UI: http://localhost:3001
 UI External: http://localhost:3001
 ------------------------------------
[Browsersync] Serving files from: ./
[Browsersync] Watching files...
[Browsersync] Reloading Browsers...
[Browsersync] Reloading Browsers... (buffered 2 events)
[Browsersync] Reloading Browsers...
[Browsersync] Reloading Browsers...
[Browsersync] Reloading Browsers...
[Browsersync] Access URLs:
 --------[Browsersync] Reloading Browsers... (buffered 2 events)
[Browsersync] Reloading Browsers...
[Browsersync] Reloading Browsers...
[Browsersync] Reloading Browsers...
[Browsersync] Reloading Browsers...
[Browsersync] Reloading Browsers...
[Browsersync] Reloading Browsers...
[Browsersync] Reloading Browsers...
[Browsersync] Reloading Browsers...
[Browsersync] Reloading Browsers...
[Browsersync] Reloading Browsers...
[Browsersync] Reloading Browsers...
[Browsersync] Reloading Browsers...
[Browsersync] Reloading Browsers... (buffered 2 events)
[Browsersync] Reloading Browsers...
[Browsersync] Reloading Browsers...
[Browsersync] Reloading Browsers...
[Browsersync] Reloading Browsers... (buffered 2 events)
[Browsersync] Reloading Browsers...
[Browsersync] Reloading Browsers...
sers...
[Browsersync] Reloading Browsers... (buffered 2 events)
[Browsersync] Reloading Browsers...
[Browsersync] Reloading Browsers...
[Browsersync] Reloading Browsers...
[Browsersync] Reloading Browsers... (buffered 2 events)
[Browsersync] Reloading Browsers...
[Browsersync] Reloading Browsers...
[Browsersync] Access URLs:
 ------------------------------------
       Local: http://localhost:3000
    External: http://192.168.0.4:3000
 ------------------------------------
          UI: http://localhost:3001
 UI External: http://localhost:3001
 ------------------------------------
[Browsersync] Serving files from: ./
[Browsersync] Watching files...
[Browsersync] Reloading Browsers...
[Browsersync] Reloading Browsers... (buffered 2 events)
[Browsersync] Reloading Browsers... (buffered 2 events)
[Browsersync] Reloading Browsers...
[Browsersync] Reloading Browsers...
[Browsersync] Reloading Browsers...
[Browsersync] Reloading Browsers...
[Browsersync] Reloading Browsers... (buffered 2 events)
[Browsersync] Reloading Browsers... (buffered 2 events)
[Browsersync] Reloading Browsers...
[Browsersync] Reloading Browsers...
[Browsersync] Reloading Browsers... (buffered 2 events)
[Browsersync] Reloading Browsers... (buffered 2 events)
[Browsersync] Access URLs:
 --------[Browsersync] Reloading Browsers... (buffered 2 events)
[Browsersync] Reloading Browsers...
[Browsersync] Reloading Browsers...
[Browsersync] Reloading Browsers...
[Browsersync] Reloading Browsers...
[Browsersync] Reloading Browsers...
[Browsersync] Reloading Browsers...
[Browsersync] Reloading Browsers...
[Browsersync] Reloading Browsers...
[Browsersync] Reloading Browsers...
[Browsersync] Reloading Browsers...
[Browsersync] Reloading Browsers...
[Browsersync] Reloading Browsers...
[Browsersync] Reloading Browsers...
[Browsersync] Reloading Browsers...
[Browsersync] Reloading Browsers...
[Browsersync] Reloading Browsers...
[Browsersync] Reloading Browsers...
[Browsersync] Reloading Browsers...
[Browsersync] Reloading Browsers...
[Browsersync] Reloading Browsers...
[Browsersync] Reloading Browsers...
[Browsersync] Reloading Browsers...
[Browsersync] Reloading Browsers...
[Browsersync] Reloading Browsers...
[Browsersync] Reloading Browsers...
[Browsersync] Reloading Browsers...
[Browsersync] Reloading Browsers...
[Browsersync] Reloading Browsers...
[Browsersync] Reloading Browsers...
[Browsersync] Reloading Browsers...
[Browsersync] Reloading Browsers...
[Browsersync] Reloading Browsers...
[Browsersync] Reloading Browsers...
[Browsersync] Reloading Browsers...
[Browsersync] Reloading Browsers...
[Browsersync] Reloading Browsers...
[Browsersync] Reloading Browsers...
Browsers...
[Browsersync] Reloading Browsers...
[Browsersync] Reloading Browsers...
[Browsersync] Reloading Browsers...
[Browsersync] Reloading Browsers...
[Browsersync] Reloading Browsers...
[Browsersync] Reloading Browsers...
[Browsersync] Reloading Browsers...
[Browsersync] Reloading Browsers...
[Browsersync] Access URLs:
 ------------------------------------
       Local: http://localhost:3000
    External: http://192.168.0.4:3000
 ------------------------------------
          UI: http://localhost:3001
 UI External: http://localhost:3001
 ------------------------------------
[Browsersync] Serving files from: ./
[Browsersync] Watching files...
[Browsersync] Reloading Browsers...
[Browsersync] Reloading Browsers...
[Browsersync] Access URLs:
 --------[Browsersync] Reloading Browsers... (buffered 2 events)
[Browsersync] Reloading Browsers...
[Browsersync] Reloading Browsers...
[Browsersync] Reloading Browsers...
[Browsersync] Reloading Browsers...
[Browsersync] Reloading Browsers...
[Browsersync] Reloading Browsers...
[Browsersync] Reloading Browsers...
[Browsersync] Reloading Browsers...
[Browsersync] Reloading Browsers...
[Browsersync] Reloading Browsers...
[Browsersync] Reloading Browsers...
[Browsersync] Reloading Browsers...
[Browsersync] Reloading Browsers...
[Browsersync] Reloading Browsers...
[Browsersync] Reloading Browsers...
[Browsersync] Reloading Browsers...
[Browsersync] Reloading Browsers...
[Browsersync] Reloading Browsers...
[Browsersync] Reloading Browsers...
[Browsersync] Reloading Browsers...
[Browsersync] Reloading Browsers...
[Browsersync] Reloading Browsers...
[Browsersync] Reloading Browsers...
[Browsersync] Reloading Browsers...
[Browsersync] Reloading Browsers...
[Browsersync] Reloading Browsers...
[Browsersync] Reloading Browsers...
[Browsersync] Reloading Browsers...
[Browsersync] Reloading Browsers...
[Browsersync] Reloading Browsers...
[Browsersync] Reloading Browsers...
[Browsersync] Reloading Browsers...
[Browsersync] Reloading Browsers...
[Browsersync] Reloading Browsers...
[Browsersync] Reloading Browsers...
[Browsersync] Reloading Browsers...
[Browsersync] Reloading Browsers...
[Browsersync] Reloading Browsers...

<--- Last few GCs --->

[21116:0000019B30BEF590] 269234613 ms: Scavenge 3996.8 (4131.1) -> 3993.0 (4131.1) MB, 11.4 / 0.0 ms  (average mu = 0.821, current mu = 0.661) allocation failure 
[21116:0000019B30BEF590] 269234669 ms: Scavenge 3997.9 (4131.1) -> 3994.9 (4131.1) MB, 15.2 / 0.0 ms  (avera
<--- Last few GCs --->

[25356:00000243708CBC70] 103445937 ms: Mark-sweep 4029.2 (4137.6) -> 4016.3 (4140.9) MB, 3261.4 / 7.0 ms  (average mu = 0.135, current mu = 0.020) allocation failure scavenge might not succeed
[25356:00000243708CBC70] 103449196 ms: Mark-sweep 4032.2 (4140.9) -> 4019.3 (4143.9) MB, 3186.9 / 7.1 ms  (average mu = 0.082, current mu = 0.022) allocation failure scavenge might not succeed


<--- JS stacktrace --->

FATAL ERROR: Ineffective mark-compacts near heap limit Allocation failed - JavaScript heap out of memory
 1: 00007FF7736AB1E[Browsersync] Reloading Browsers...
[Browsersync] Reloading Browsers...
[Browsersync] Reloading Browsers...
[Browsersync] Reloading Browsers...
[Browsersync] Reloading Browsers...
[Browsersync] Reloading Browsers...
[Browsersync] Reloading Browsers...
[Browsersync] Reloading Browsers...
[Browsersync] Reloading Browsers...
[Browsersync] Reloading Browsers...
[Browsersync] Reloading Browsers...
Code+1468
 7: 00007FF773E06A79 v8::internal::Heap::PublishPendingAllocations+1129
 8: 00007FF773E03A4A v8::internal::Heap::PageFlagsAreConsistent+2842
 9: 00007FF773DF66A9 v8::internal::Heap::CollectGarbage+2137
10: 00007FF773DF4860 v8::internal::Heap::AllocateExternalBackingStore+2000
11: 00007FF773E193E6 v8::internal::Factory::NewFillerObject+214
12: 00007FF773B4BB85 v8::internal::DateCache::Weekday+1797
13: 00007FF773FF9F01 v8::internal::SetupIsolateDelegate::SetupHeap+494417
14: 00007FF773FFADA9 v8::internal::SetupIsolateDelegate::SetupHeap+498169
15: 000002437251DA86 
[Browsersync] Access URLs:
 ------------------------------------
       Local: http://localhost:3000
    External: http://192.168.0.4:3000
 ------------------------------------
          UI: http://localhost:3001
 UI External: http://localhost:3001
 ------------------------------------
[Browsersync] Serving files from: ./
[Browsersync] Watching files...
[Browsersync] Reloading Browsers...
[Browsersync] Reloading Browsers...
[Browsersync] Reloading Browsers...
[Browsersync] Reloading Browsers...
[Browsersync] Reloading Browsers...
[Browsersync] Reloading Browsers...
[Browsersync] Reloading Browsers...
[Browsersync] Reloading Browsers...
[Browsersync] Reloading Browsers...
